<?xml version="1.0" encoding="UTF-8"?>
<!-- Generated by org.testng.reporters.JUnitReportReporter -->
<testsuite skipped="12" hostname="wlpt761" name="AndroidAppiumAuto.AppActivity" tests="35" failures="0" timestamp="15 Sep 2020 16:19:10 GMT" time="2771.014" errors="2">
  <testcase name="LoginPage" time="7.697" classname="AndroidAppiumAuto.AppActivity"/>
  <testcase name="GetOtp" time="12.838" classname="AndroidAppiumAuto.AppActivity"/>
  <testcase name="contextpopup" time="70.600" classname="AndroidAppiumAuto.AppActivity"/>
  <testcase name="VIPHomePage" time="45.955" classname="AndroidAppiumAuto.AppActivity"/>
  <testcase name="DDDPacks" time="37.855" classname="AndroidAppiumAuto.AppActivity"/>
  <testcase name="PyawPyawYu" time="108.479" classname="AndroidAppiumAuto.AppActivity"/>
  <testcase name="VIPHomePageShortCutIcons" time="85.925" classname="AndroidAppiumAuto.AppActivity"/>
  <testcase name="VipSpinWheel" time="76.679" classname="AndroidAppiumAuto.AppActivity"/>
  <testcase name="VIPRedeemPoints" time="153.078" classname="AndroidAppiumAuto.AppActivity"/>
  <testcase name="VIPMyDiscounts" time="90.890" classname="AndroidAppiumAuto.AppActivity"/>
  <testcase name="VIPMyPoints" time="118.767" classname="AndroidAppiumAuto.AppActivity"/>
  <testcase name="UpdateLocation" time="46.214" classname="AndroidAppiumAuto.AppActivity"/>
  <testcase name="VIPEarnMorePoints" time="20.271" classname="AndroidAppiumAuto.AppActivity"/>
  <testcase name="VIPMyBenefits" time="1089.070" classname="AndroidAppiumAuto.AppActivity">
    <error type="org.openqa.selenium.NoSuchElementException" message="An element could not be located on the page using the given search parameters.
For documentation on this error, please visit: https://www.seleniumhq.org/exceptions/no_such_element.html
Build info: version: &#039;3.141.59&#039;, revision: &#039;e82be7d358&#039;, time: &#039;2018-11-14T08:17:03&#039;
System info: host: &#039;WLPT761&#039;, ip: &#039;172.16.40.212&#039;, os.name: &#039;Windows 10&#039;, os.arch: &#039;amd64&#039;, os.version: &#039;10.0&#039;, java.version: &#039;1.8.0_261&#039;
Driver info: io.appium.java_client.android.AndroidDriver
Capabilities {appActivity: com.ooredoo.selfcare.Ooredoo, appPackage: com.ooredoo.selfcare, autoGrantPermissions: true, autoWebView: true, automationName: UiAutomator2, databaseEnabled: false, desired: {appActivity: com.ooredoo.selfcare.Ooredoo, appPackage: com.ooredoo.selfcare, autoGrantPermissions: true, autoWebView: true, automationName: UiAutomator2, deviceName: uiautomatorviewer, maxInstances: 3, name:  OM Sample Test, platformName: android, platformVersion: 9, udid: 520074b4ee426523}, deviceApiLevel: 28, deviceManufacturer: samsung, deviceModel: SM-A730F, deviceName: 520074b4ee426523, deviceScreenDensity: 480, deviceScreenSize: 1080x2220, deviceUDID: 520074b4ee426523, javascriptEnabled: true, locationContextEnabled: false, maxInstances: 3, name:  OM Sample Test, networkConnectionEnabled: true, pixelRatio: 3, platform: LINUX, platformName: Android, platformVersion: 9, statBarHeight: 72, takesScreenshot: true, udid: 520074b4ee426523, viewportRect: {height: 2004, left: 0, top: 72, width: 1080}, warnings: {}, webStorageEnabled: false}
Session ID: a1dbdcba-4904-4496-be6f-0ef5ce8bcc9f
*** Element info: {Using=xpath, value=//android.widget.LinearLayout[contains(@resource-id,&#039;com.ooredoo.selfcare:id/llBuyPacks&#039;)][2]}">
      <![CDATA[org.openqa.selenium.NoSuchElementException: An element could not be located on the page using the given search parameters.
For documentation on this error, please visit: https://www.seleniumhq.org/exceptions/no_such_element.html
Build info: version: '3.141.59', revision: 'e82be7d358', time: '2018-11-14T08:17:03'
System info: host: 'WLPT761', ip: '172.16.40.212', os.name: 'Windows 10', os.arch: 'amd64', os.version: '10.0', java.version: '1.8.0_261'
Driver info: io.appium.java_client.android.AndroidDriver
Capabilities {appActivity: com.ooredoo.selfcare.Ooredoo, appPackage: com.ooredoo.selfcare, autoGrantPermissions: true, autoWebView: true, automationName: UiAutomator2, databaseEnabled: false, desired: {appActivity: com.ooredoo.selfcare.Ooredoo, appPackage: com.ooredoo.selfcare, autoGrantPermissions: true, autoWebView: true, automationName: UiAutomator2, deviceName: uiautomatorviewer, maxInstances: 3, name:  OM Sample Test, platformName: android, platformVersion: 9, udid: 520074b4ee426523}, deviceApiLevel: 28, deviceManufacturer: samsung, deviceModel: SM-A730F, deviceName: 520074b4ee426523, deviceScreenDensity: 480, deviceScreenSize: 1080x2220, deviceUDID: 520074b4ee426523, javascriptEnabled: true, locationContextEnabled: false, maxInstances: 3, name:  OM Sample Test, networkConnectionEnabled: true, pixelRatio: 3, platform: LINUX, platformName: Android, platformVersion: 9, statBarHeight: 72, takesScreenshot: true, udid: 520074b4ee426523, viewportRect: {height: 2004, left: 0, top: 72, width: 1080}, warnings: {}, webStorageEnabled: false}
Session ID: a1dbdcba-4904-4496-be6f-0ef5ce8bcc9f
*** Element info: {Using=xpath, value=//android.widget.LinearLayout[contains(@resource-id,'com.ooredoo.selfcare:id/llBuyPacks')][2]}
at sun.reflect.NativeConstructorAccessorImpl.newInstance0(Native Method)
at sun.reflect.NativeConstructorAccessorImpl.newInstance(Unknown Source)
at sun.reflect.DelegatingConstructorAccessorImpl.newInstance(Unknown Source)
at java.lang.reflect.Constructor.newInstance(Unknown Source)
at org.openqa.selenium.remote.http.W3CHttpResponseCodec.createException(W3CHttpResponseCodec.java:187)
at org.openqa.selenium.remote.http.W3CHttpResponseCodec.decode(W3CHttpResponseCodec.java:122)
at org.openqa.selenium.remote.http.W3CHttpResponseCodec.decode(W3CHttpResponseCodec.java:49)
at org.openqa.selenium.remote.HttpCommandExecutor.execute(HttpCommandExecutor.java:158)
at io.appium.java_client.remote.AppiumCommandExecutor.execute(AppiumCommandExecutor.java:239)
at org.openqa.selenium.remote.RemoteWebDriver.execute(RemoteWebDriver.java:552)
at io.appium.java_client.DefaultGenericMobileDriver.execute(DefaultGenericMobileDriver.java:42)
at io.appium.java_client.AppiumDriver.execute(AppiumDriver.java:1)
at io.appium.java_client.android.AndroidDriver.execute(AndroidDriver.java:1)
at org.openqa.selenium.remote.RemoteWebDriver.findElement(RemoteWebDriver.java:323)
at io.appium.java_client.DefaultGenericMobileDriver.findElement(DefaultGenericMobileDriver.java:62)
at io.appium.java_client.AppiumDriver.findElement(AppiumDriver.java:1)
at io.appium.java_client.android.AndroidDriver.findElement(AndroidDriver.java:1)
at org.openqa.selenium.remote.RemoteWebDriver.findElementByXPath(RemoteWebDriver.java:428)
at io.appium.java_client.DefaultGenericMobileDriver.findElementByXPath(DefaultGenericMobileDriver.java:152)
at io.appium.java_client.AppiumDriver.findElementByXPath(AppiumDriver.java:1)
at io.appium.java_client.android.AndroidDriver.findElementByXPath(AndroidDriver.java:1)
at org.openqa.selenium.By$ByXPath.findElement(By.java:353)
at org.openqa.selenium.remote.RemoteWebDriver.findElement(RemoteWebDriver.java:315)
at io.appium.java_client.DefaultGenericMobileDriver.findElement(DefaultGenericMobileDriver.java:58)
at io.appium.java_client.AppiumDriver.findElement(AppiumDriver.java:1)
at io.appium.java_client.android.AndroidDriver.findElement(AndroidDriver.java:1)
at AndroidAppiumAuto.CommonMethods.MyBenefits(CommonMethods.java:1263)
at AndroidAppiumAuto.AppActivity.VIPMyBenefits(AppActivity.java:213)
at sun.reflect.NativeMethodAccessorImpl.invoke0(Native Method)
at sun.reflect.NativeMethodAccessorImpl.invoke(Unknown Source)
at sun.reflect.DelegatingMethodAccessorImpl.invoke(Unknown Source)
at java.lang.reflect.Method.invoke(Unknown Source)
at org.testng.internal.MethodInvocationHelper.invokeMethod(MethodInvocationHelper.java:124)
at org.testng.internal.Invoker.invokeMethod(Invoker.java:583)
at org.testng.internal.Invoker.invokeTestMethod(Invoker.java:719)
at org.testng.internal.Invoker.invokeTestMethods(Invoker.java:989)
at org.testng.internal.TestMethodWorker.invokeTestMethods(TestMethodWorker.java:125)
at org.testng.internal.TestMethodWorker.run(TestMethodWorker.java:109)
at org.testng.TestRunner.privateRun(TestRunner.java:648)
at org.testng.TestRunner.run(TestRunner.java:505)
at org.testng.SuiteRunner.runTest(SuiteRunner.java:455)
at org.testng.SuiteRunner.runSequentially(SuiteRunner.java:450)
at org.testng.SuiteRunner.privateRun(SuiteRunner.java:415)
at org.testng.SuiteRunner.run(SuiteRunner.java:364)
at org.testng.SuiteRunnerWorker.runSuite(SuiteRunnerWorker.java:52)
at org.testng.SuiteRunnerWorker.run(SuiteRunnerWorker.java:84)
at org.testng.TestNG.runSuitesSequentially(TestNG.java:1208)
at org.testng.TestNG.runSuitesLocally(TestNG.java:1137)
at org.testng.TestNG.runSuites(TestNG.java:1049)
at org.testng.TestNG.run(TestNG.java:1017)
at org.testng.remote.AbstractRemoteTestNG.run(AbstractRemoteTestNG.java:114)
at org.testng.remote.RemoteTestNG.initAndRun(RemoteTestNG.java:251)
at org.testng.remote.RemoteTestNG.main(RemoteTestNG.java:77)
]]>
    </error>
  </testcase> <!-- VIPMyBenefits -->
  <testcase name="VIPProfileUpdate" time="98.477" classname="AndroidAppiumAuto.AppActivity"/>
  <testcase name="BannerDet" time="96.370" classname="AndroidAppiumAuto.AppActivity"/>
  <testcase name="QueryBalanceApi" time="25.063" classname="AndroidAppiumAuto.AppActivity"/>
  <testcase name="LiveTVDetails" time="52.077" classname="AndroidAppiumAuto.AppActivity"/>
  <testcase name="ByopQueryBalance" time="118.062" classname="AndroidAppiumAuto.AppActivity">
    <error type="org.openqa.selenium.TimeoutException" message="Expected condition failed: waiting for visibility of element located by By.xpath: //android.widget.TextView[contains(@resource-id, &#039;com.ooredoo.selfcare:id/isb_progress&#039;)] (tried for 30 second(s) with 500 milliseconds interval)">
      <![CDATA[org.openqa.selenium.TimeoutException: Expected condition failed: waiting for visibility of element located by By.xpath: //android.widget.TextView[contains(@resource-id, 'com.ooredoo.selfcare:id/isb_progress')] (tried for 30 second(s) with 500 milliseconds interval)
at org.openqa.selenium.support.ui.WebDriverWait.timeoutException(WebDriverWait.java:95)
at org.openqa.selenium.support.ui.FluentWait.until(FluentWait.java:272)
at AndroidAppiumAuto.SupportMethods.AppValidationList(SupportMethods.java:56)
at AndroidAppiumAuto.AppActivity.ByopQueryBalance(AppActivity.java:386)
at sun.reflect.NativeMethodAccessorImpl.invoke0(Native Method)
at sun.reflect.NativeMethodAccessorImpl.invoke(Unknown Source)
at sun.reflect.DelegatingMethodAccessorImpl.invoke(Unknown Source)
at java.lang.reflect.Method.invoke(Unknown Source)
at org.testng.internal.MethodInvocationHelper.invokeMethod(MethodInvocationHelper.java:124)
at org.testng.internal.Invoker.invokeMethod(Invoker.java:583)
at org.testng.internal.Invoker.invokeTestMethod(Invoker.java:719)
at org.testng.internal.Invoker.invokeTestMethods(Invoker.java:989)
at org.testng.internal.TestMethodWorker.invokeTestMethods(TestMethodWorker.java:125)
at org.testng.internal.TestMethodWorker.run(TestMethodWorker.java:109)
at org.testng.TestRunner.privateRun(TestRunner.java:648)
at org.testng.TestRunner.run(TestRunner.java:505)
at org.testng.SuiteRunner.runTest(SuiteRunner.java:455)
at org.testng.SuiteRunner.runSequentially(SuiteRunner.java:450)
at org.testng.SuiteRunner.privateRun(SuiteRunner.java:415)
at org.testng.SuiteRunner.run(SuiteRunner.java:364)
at org.testng.SuiteRunnerWorker.runSuite(SuiteRunnerWorker.java:52)
at org.testng.SuiteRunnerWorker.run(SuiteRunnerWorker.java:84)
at org.testng.TestNG.runSuitesSequentially(TestNG.java:1208)
at org.testng.TestNG.runSuitesLocally(TestNG.java:1137)
at org.testng.TestNG.runSuites(TestNG.java:1049)
at org.testng.TestNG.run(TestNG.java:1017)
at org.testng.remote.AbstractRemoteTestNG.run(AbstractRemoteTestNG.java:114)
at org.testng.remote.RemoteTestNG.initAndRun(RemoteTestNG.java:251)
at org.testng.remote.RemoteTestNG.main(RemoteTestNG.java:77)
Caused by: org.openqa.selenium.NoSuchElementException: An element could not be located on the page using the given search parameters.
For documentation on this error, please visit: https://www.seleniumhq.org/exceptions/no_such_element.html
Build info: version: '3.141.59', revision: 'e82be7d358', time: '2018-11-14T08:17:03'
System info: host: 'WLPT761', ip: '172.16.40.212', os.name: 'Windows 10', os.arch: 'amd64', os.version: '10.0', java.version: '1.8.0_261'
Driver info: io.appium.java_client.android.AndroidDriver
Capabilities {appActivity: com.ooredoo.selfcare.Ooredoo, appPackage: com.ooredoo.selfcare, autoGrantPermissions: true, autoWebView: true, automationName: UiAutomator2, databaseEnabled: false, desired: {appActivity: com.ooredoo.selfcare.Ooredoo, appPackage: com.ooredoo.selfcare, autoGrantPermissions: true, autoWebView: true, automationName: UiAutomator2, deviceName: uiautomatorviewer, maxInstances: 3, name:  OM Sample Test, platformName: android, platformVersion: 9, udid: 520074b4ee426523}, deviceApiLevel: 28, deviceManufacturer: samsung, deviceModel: SM-A730F, deviceName: 520074b4ee426523, deviceScreenDensity: 480, deviceScreenSize: 1080x2220, deviceUDID: 520074b4ee426523, javascriptEnabled: true, locationContextEnabled: false, maxInstances: 3, name:  OM Sample Test, networkConnectionEnabled: true, pixelRatio: 3, platform: LINUX, platformName: Android, platformVersion: 9, statBarHeight: 72, takesScreenshot: true, udid: 520074b4ee426523, viewportRect: {height: 2004, left: 0, top: 72, width: 1080}, warnings: {}, webStorageEnabled: false}
Session ID: a1dbdcba-4904-4496-be6f-0ef5ce8bcc9f
*** Element info: {Using=xpath, value=//android.widget.TextView[contains(@resource-id, 'com.ooredoo.selfcare:id/isb_progress')]}
at sun.reflect.GeneratedConstructorAccessor58.newInstance(Unknown Source)
at sun.reflect.DelegatingConstructorAccessorImpl.newInstance(Unknown Source)
at java.lang.reflect.Constructor.newInstance(Unknown Source)
at org.openqa.selenium.remote.http.W3CHttpResponseCodec.createException(W3CHttpResponseCodec.java:187)
at org.openqa.selenium.remote.http.W3CHttpResponseCodec.decode(W3CHttpResponseCodec.java:122)
at org.openqa.selenium.remote.http.W3CHttpResponseCodec.decode(W3CHttpResponseCodec.java:49)
at org.openqa.selenium.remote.HttpCommandExecutor.execute(HttpCommandExecutor.java:158)
at io.appium.java_client.remote.AppiumCommandExecutor.execute(AppiumCommandExecutor.java:239)
at org.openqa.selenium.remote.RemoteWebDriver.execute(RemoteWebDriver.java:552)
at io.appium.java_client.DefaultGenericMobileDriver.execute(DefaultGenericMobileDriver.java:42)
at io.appium.java_client.AppiumDriver.execute(AppiumDriver.java:1)
at io.appium.java_client.android.AndroidDriver.execute(AndroidDriver.java:1)
at org.openqa.selenium.remote.RemoteWebDriver.findElement(RemoteWebDriver.java:323)
at io.appium.java_client.DefaultGenericMobileDriver.findElement(DefaultGenericMobileDriver.java:62)
at io.appium.java_client.AppiumDriver.findElement(AppiumDriver.java:1)
at io.appium.java_client.android.AndroidDriver.findElement(AndroidDriver.java:1)
at org.openqa.selenium.remote.RemoteWebDriver.findElementByXPath(RemoteWebDriver.java:428)
at io.appium.java_client.DefaultGenericMobileDriver.findElementByXPath(DefaultGenericMobileDriver.java:152)
at io.appium.java_client.AppiumDriver.findElementByXPath(AppiumDriver.java:1)
at io.appium.java_client.android.AndroidDriver.findElementByXPath(AndroidDriver.java:1)
at org.openqa.selenium.By$ByXPath.findElement(By.java:353)
at org.openqa.selenium.remote.RemoteWebDriver.findElement(RemoteWebDriver.java:315)
at io.appium.java_client.DefaultGenericMobileDriver.findElement(DefaultGenericMobileDriver.java:58)
at io.appium.java_client.AppiumDriver.findElement(AppiumDriver.java:1)
at io.appium.java_client.android.AndroidDriver.findElement(AndroidDriver.java:1)
at org.openqa.selenium.support.ui.ExpectedConditions$7.apply(ExpectedConditions.java:205)
at org.openqa.selenium.support.ui.ExpectedConditions$7.apply(ExpectedConditions.java:201)
at org.openqa.selenium.support.ui.FluentWait.until(FluentWait.java:249)
... 27 more
]]>
    </error>
  </testcase> <!-- ByopQueryBalance -->
  <testcase name="Report_An_Issue" time="86.993" classname="AndroidAppiumAuto.AppActivity"/>
  <testcase name="More_Settings" time="77.589" classname="AndroidAppiumAuto.AppActivity"/>
  <testcase name="Ooredoo_Play" time="111.085" classname="AndroidAppiumAuto.AppActivity"/>
  <testcase name="accountview" time="140.980" classname="AndroidAppiumAuto.AppActivity"/>
  <testcase name="VIP_Validation" classname="AndroidAppiumAuto.AppActivity">
    <skipped/>
  </testcase> <!-- VIP_Validation -->
  <testcase name="CssProperties" classname="AndroidAppiumAuto.AppActivity">
    <skipped/>
  </testcase> <!-- CssProperties -->
  <testcase name="SpecialVoiceData" classname="AndroidAppiumAuto.AppActivity">
    <skipped/>
  </testcase> <!-- SpecialVoiceData -->
  <testcase name="chat" classname="AndroidAppiumAuto.AppActivity">
    <skipped/>
  </testcase> <!-- chat -->
  <testcase name="KyoThone" classname="AndroidAppiumAuto.AppActivity">
    <skipped/>
  </testcase> <!-- KyoThone -->
  <testcase name="CloseTour" classname="AndroidAppiumAuto.AppActivity">
    <skipped/>
  </testcase> <!-- CloseTour -->
  <testcase name="contentPop" classname="AndroidAppiumAuto.AppActivity">
    <skipped/>
  </testcase> <!-- contentPop -->
  <testcase name="TopUpVoucher" classname="AndroidAppiumAuto.AppActivity">
    <skipped/>
  </testcase> <!-- TopUpVoucher -->
  <testcase name="GiftPackGift" classname="AndroidAppiumAuto.AppActivity">
    <skipped/>
  </testcase> <!-- GiftPackGift -->
  <testcase name="BuyPackBuy" classname="AndroidAppiumAuto.AppActivity">
    <skipped/>
  </testcase> <!-- BuyPackBuy -->
  <testcase name="TopUpMPitesan" classname="AndroidAppiumAuto.AppActivity">
    <skipped/>
  </testcase> <!-- TopUpMPitesan -->
  <testcase name="ServiceBanner" classname="AndroidAppiumAuto.AppActivity">
    <skipped/>
  </testcase> <!-- ServiceBanner -->
</testsuite> <!-- AndroidAppiumAuto.AppActivity -->
